20160616224653 On button Pressed!
20160616224653 2230
20160617063622 On button Pressed!
20160617063622 630 1200 
20160617063627 1200 600
20160617182451 On button Pressed!
20160617182451 1830 1200 
20160617190036 On button Pressed!
20160617190036 eveningtime but before sunset
20160618024428 On button Pressed!
20160618024428 600 
20160618104530 On button Pressed!
20160618104530 630 1200 
20160618104535 1200 600
20160618195656 On button Pressed!
20160618195656 sunset 2230
20160618234129 On button Pressed!
20160618234129 2230
20160619095142 On button Pressed!
20160619095142 630 1200 
20160619095147 1200 600
20160619232820 On button Pressed!
20160619232820 2230
20160620064128 On button Pressed!
20160620064128 630 800 
20160620224856 On button Pressed!
20160620224856 2230
20160621064534 On button Pressed!
20160621064534 630 800 
20160621222157 On button Pressed!
20160621222157 sunset 2230
20160621222157 2230
20160621222758 On button Pressed!
20160621222758 2130 turn everything off
20160622064237 On button Pressed!
20160622064237 630 800 
20160622224050 On button Pressed!
20160622224050 2130 turn everything off
20160623064017 On button Pressed!
20160623064018 630 800 
20160625225503 On button Pressed!
20160625225503 2130 turn everything off
20160626064548 On button Pressed!
20160626064548 630 800 
20160626223450 On button Pressed!
20160626223450 2130 turn everything off
20160627062306 On button Pressed!
20160627064019 On button Pressed!
20160627064019 630 800 
20160627235551 On button Pressed!
20160627235551 2130 turn everything off
20160628064022 On button Pressed!
20160628064022 630 800 
20160628224532 On button Pressed!
20160628224532 2130 turn everything off
20160629065516 On button Pressed!
20160629065516 630 800 
20160629235801 On button Pressed!
20160629235801 2130 turn everything off
20160630223713 On button Pressed!
20160630223713 2130 turn everything off
20160630223729 On button Pressed!
20160630223729 2130 turn everything off
20160630231522 On button Pressed!
20160630231522 2130 turn everything off
20160701064555 On button Pressed!
20160701064555 630 800 
20160701223053 On button Pressed!
20160701223053 2130 turn everything off
20160702233416 On button Pressed!
20160702233416 2130 turn everything off
20160702233423 On button Pressed!
20160702233423 2130 turn everything off
